{"C:\\studyai\\hooks\\useAIRequest.ts": {"path":"C:\\studyai\\hooks\\useAIRequest.ts","statementMap":{"0":{"start":{"line":8,"column":28},"end":{"line":77,"column":1}},"1":{"start":{"line":9,"column":67},"end":{"line":9,"column":82}},"2":{"start":{"line":10,"column":16},"end":{"line":10,"column":32}},"3":{"start":{"line":11,"column":30},"end":{"line":11,"column":48}},"4":{"start":{"line":13,"column":27},"end":{"line":20,"column":3}},"5":{"start":{"line":14,"column":4},"end":{"line":14,"column":26}},"6":{"start":{"line":14,"column":16},"end":{"line":14,"column":26}},"7":{"start":{"line":15,"column":18},"end":{"line":15,"column":36}},"8":{"start":{"line":16,"column":22},"end":{"line":16,"column":54}},"9":{"start":{"line":17,"column":4},"end":{"line":17,"column":72}},"10":{"start":{"line":17,"column":34},"end":{"line":17,"column":72}},"11":{"start":{"line":18,"column":4},"end":{"line":18,"column":104}},"12":{"start":{"line":18,"column":34},"end":{"line":18,"column":104}},"13":{"start":{"line":19,"column":4},"end":{"line":19,"column":113}},"14":{"start":{"line":22,"column":26},"end":{"line":30,"column":3}},"15":{"start":{"line":23,"column":17},"end":{"line":23,"column":38}},"16":{"start":{"line":24,"column":18},"end":{"line":24,"column":30}},"17":{"start":{"line":25,"column":4},"end":{"line":26,"column":172}},"18":{"start":{"line":26,"column":6},"end":{"line":26,"column":172}},"19":{"start":{"line":27,"column":4},"end":{"line":28,"column":157}},"20":{"start":{"line":28,"column":6},"end":{"line":28,"column":157}},"21":{"start":{"line":29,"column":4},"end":{"line":29,"column":183}},"22":{"start":{"line":32,"column":30},"end":{"line":38,"column":3}},"23":{"start":{"line":33,"column":4},"end":{"line":34,"column":181}},"24":{"start":{"line":34,"column":6},"end":{"line":34,"column":181}},"25":{"start":{"line":35,"column":4},"end":{"line":36,"column":164}},"26":{"start":{"line":36,"column":6},"end":{"line":36,"column":164}},"27":{"start":{"line":37,"column":4},"end":{"line":37,"column":200}},"28":{"start":{"line":40,"column":19},"end":{"line":44,"column":3}},"29":{"start":{"line":41,"column":4},"end":{"line":41,"column":69}},"30":{"start":{"line":41,"column":34},"end":{"line":41,"column":69}},"31":{"start":{"line":42,"column":4},"end":{"line":42,"column":63}},"32":{"start":{"line":42,"column":34},"end":{"line":42,"column":63}},"33":{"start":{"line":43,"column":4},"end":{"line":43,"column":41}},"34":{"start":{"line":46,"column":23},"end":{"line":50,"column":3}},"35":{"start":{"line":47,"column":4},"end":{"line":47,"column":75}},"36":{"start":{"line":47,"column":34},"end":{"line":47,"column":75}},"37":{"start":{"line":48,"column":4},"end":{"line":48,"column":68}},"38":{"start":{"line":48,"column":34},"end":{"line":48,"column":68}},"39":{"start":{"line":49,"column":4},"end":{"line":49,"column":41}},"40":{"start":{"line":52,"column":26},"end":{"line":59,"column":3}},"41":{"start":{"line":53,"column":20},"end":{"line":53,"column":42}},"42":{"start":{"line":54,"column":4},"end":{"line":57,"column":5}},"43":{"start":{"line":55,"column":6},"end":{"line":55,"column":49}},"44":{"start":{"line":56,"column":6},"end":{"line":56,"column":19}},"45":{"start":{"line":58,"column":4},"end":{"line":58,"column":16}},"46":{"start":{"line":61,"column":30},"end":{"line":68,"column":3}},"47":{"start":{"line":62,"column":20},"end":{"line":62,"column":46}},"48":{"start":{"line":63,"column":4},"end":{"line":66,"column":5}},"49":{"start":{"line":64,"column":6},"end":{"line":64,"column":57}},"50":{"start":{"line":65,"column":6},"end":{"line":65,"column":19}},"51":{"start":{"line":67,"column":4},"end":{"line":67,"column":16}},"52":{"start":{"line":70,"column":2},"end":{"line":76,"column":4}}},"fnMap":{"0":{"name":"(anonymous_0)","decl":{"start":{"line":8,"column":28},"end":{"line":8,"column":29}},"loc":{"start":{"line":8,"column":34},"end":{"line":77,"column":1}},"line":8},"1":{"name":"(anonymous_1)","decl":{"start":{"line":13,"column":27},"end":{"line":13,"column":28}},"loc":{"start":{"line":13,"column":33},"end":{"line":20,"column":3}},"line":13},"2":{"name":"(anonymous_2)","decl":{"start":{"line":22,"column":26},"end":{"line":22,"column":27}},"loc":{"start":{"line":22,"column":32},"end":{"line":30,"column":3}},"line":22},"3":{"name":"(anonymous_3)","decl":{"start":{"line":32,"column":30},"end":{"line":32,"column":31}},"loc":{"start":{"line":32,"column":36},"end":{"line":38,"column":3}},"line":32},"4":{"name":"(anonymous_4)","decl":{"start":{"line":40,"column":19},"end":{"line":40,"column":20}},"loc":{"start":{"line":40,"column":25},"end":{"line":44,"column":3}},"line":40},"5":{"name":"(anonymous_5)","decl":{"start":{"line":46,"column":23},"end":{"line":46,"column":24}},"loc":{"start":{"line":46,"column":29},"end":{"line":50,"column":3}},"line":46},"6":{"name":"(anonymous_6)","decl":{"start":{"line":52,"column":26},"end":{"line":52,"column":27}},"loc":{"start":{"line":52,"column":56},"end":{"line":59,"column":3}},"line":52},"7":{"name":"(anonymous_7)","decl":{"start":{"line":61,"column":30},"end":{"line":61,"column":31}},"loc":{"start":{"line":61,"column":60},"end":{"line":68,"column":3}},"line":61}},"branchMap":{"0":{"loc":{"start":{"line":14,"column":4},"end":{"line":14,"column":26}},"type":"if","locations":[{"start":{"line":14,"column":4},"end":{"line":14,"column":26}},{"start":{},"end":{}}],"line":14},"1":{"loc":{"start":{"line":17,"column":4},"end":{"line":17,"column":72}},"type":"if","locations":[{"start":{"line":17,"column":4},"end":{"line":17,"column":72}},{"start":{},"end":{}}],"line":17},"2":{"loc":{"start":{"line":18,"column":4},"end":{"line":18,"column":104}},"type":"if","locations":[{"start":{"line":18,"column":4},"end":{"line":18,"column":104}},{"start":{},"end":{}}],"line":18},"3":{"loc":{"start":{"line":18,"column":64},"end":{"line":18,"column":90}},"type":"cond-expr","locations":[{"start":{"line":18,"column":82},"end":{"line":18,"column":85}},{"start":{"line":18,"column":88},"end":{"line":18,"column":90}}],"line":18},"4":{"loc":{"start":{"line":19,"column":34},"end":{"line":19,"column":60}},"type":"cond-expr","locations":[{"start":{"line":19,"column":52},"end":{"line":19,"column":55}},{"start":{"line":19,"column":58},"end":{"line":19,"column":60}}],"line":19},"5":{"loc":{"start":{"line":19,"column":72},"end":{"line":19,"column":98}},"type":"cond-expr","locations":[{"start":{"line":19,"column":90},"end":{"line":19,"column":93}},{"start":{"line":19,"column":96},"end":{"line":19,"column":98}}],"line":19},"6":{"loc":{"start":{"line":23,"column":17},"end":{"line":23,"column":38}},"type":"binary-expr","locations":[{"start":{"line":23,"column":17},"end":{"line":23,"column":28}},{"start":{"line":23,"column":32},"end":{"line":23,"column":38}}],"line":23},"7":{"loc":{"start":{"line":25,"column":4},"end":{"line":26,"column":172}},"type":"if","locations":[{"start":{"line":25,"column":4},"end":{"line":26,"column":172}},{"start":{},"end":{}}],"line":25},"8":{"loc":{"start":{"line":27,"column":4},"end":{"line":28,"column":157}},"type":"if","locations":[{"start":{"line":27,"column":4},"end":{"line":28,"column":157}},{"start":{},"end":{}}],"line":27},"9":{"loc":{"start":{"line":33,"column":4},"end":{"line":34,"column":181}},"type":"if","locations":[{"start":{"line":33,"column":4},"end":{"line":34,"column":181}},{"start":{},"end":{}}],"line":33},"10":{"loc":{"start":{"line":35,"column":4},"end":{"line":36,"column":164}},"type":"if","locations":[{"start":{"line":35,"column":4},"end":{"line":36,"column":164}},{"start":{},"end":{}}],"line":35},"11":{"loc":{"start":{"line":41,"column":4},"end":{"line":41,"column":69}},"type":"if","locations":[{"start":{"line":41,"column":4},"end":{"line":41,"column":69}},{"start":{},"end":{}}],"line":41},"12":{"loc":{"start":{"line":42,"column":4},"end":{"line":42,"column":63}},"type":"if","locations":[{"start":{"line":42,"column":4},"end":{"line":42,"column":63}},{"start":{},"end":{}}],"line":42},"13":{"loc":{"start":{"line":47,"column":4},"end":{"line":47,"column":75}},"type":"if","locations":[{"start":{"line":47,"column":4},"end":{"line":47,"column":75}},{"start":{},"end":{}}],"line":47},"14":{"loc":{"start":{"line":48,"column":4},"end":{"line":48,"column":68}},"type":"if","locations":[{"start":{"line":48,"column":4},"end":{"line":48,"column":68}},{"start":{},"end":{}}],"line":48},"15":{"loc":{"start":{"line":54,"column":4},"end":{"line":57,"column":5}},"type":"if","locations":[{"start":{"line":54,"column":4},"end":{"line":57,"column":5}},{"start":{},"end":{}}],"line":54},"16":{"loc":{"start":{"line":63,"column":4},"end":{"line":66,"column":5}},"type":"if","locations":[{"start":{"line":63,"column":4},"end":{"line":66,"column":5}},{"start":{},"end":{}}],"line":63}},"s":{"0":1,"1":16,"2":16,"3":16,"4":16,"5":7,"6":1,"7":6,"8":6,"9":6,"10":1,"11":5,"12":2,"13":3,"14":16,"15":3,"16":3,"17":3,"18":1,"19":2,"20":1,"21":1,"22":16,"23":4,"24":1,"25":3,"26":1,"27":2,"28":16,"29":3,"30":1,"31":2,"32":1,"33":1,"34":16,"35":4,"36":1,"37":3,"38":1,"39":2,"40":16,"41":4,"42":4,"43":3,"44":3,"45":1,"46":16,"47":5,"48":5,"49":4,"50":4,"51":1,"52":16},"f":{"0":16,"1":7,"2":3,"3":4,"4":3,"5":4,"6":4,"7":5},"b":{"0":[1,6],"1":[1,5],"2":[2,3],"3":[1,1],"4":[2,1],"5":[2,1],"6":[3,0],"7":[1,2],"8":[1,1],"9":[1,3],"10":[1,2],"11":[1,2],"12":[1,1],"13":[1,3],"14":[1,2],"15":[3,1],"16":[4,1]},"_coverageSchema":"1a1c01bbd47fc00a2c39e90264f33305004495a9","hash":"2a310dba6e1a879ffbfc95702fb0e9ea140742d8"}
,"C:\\studyai\\hooks\\useDeleteHistory.ts": {"path":"C:\\studyai\\hooks\\useDeleteHistory.ts","statementMap":{"0":{"start":{"line":27,"column":55},"end":{"line":35,"column":1}},"1":{"start":{"line":38,"column":14},"end":{"line":38,"column":22}},"2":{"start":{"line":39,"column":13},"end":{"line":39,"column":30}},"3":{"start":{"line":40,"column":15},"end":{"line":40,"column":27}},"4":{"start":{"line":43,"column":20},"end":{"line":68,"column":3}},"5":{"start":{"line":50,"column":19},"end":{"line":50,"column":35}},"6":{"start":{"line":51,"column":6},"end":{"line":51,"column":24}},"7":{"start":{"line":51,"column":17},"end":{"line":51,"column":24}},"8":{"start":{"line":53,"column":6},"end":{"line":65,"column":7}},"9":{"start":{"line":54,"column":8},"end":{"line":54,"column":46}},"10":{"start":{"line":57,"column":8},"end":{"line":59,"column":9}},"11":{"start":{"line":58,"column":10},"end":{"line":58,"column":31}},"12":{"start":{"line":61,"column":8},"end":{"line":61,"column":20}},"13":{"start":{"line":63,"column":8},"end":{"line":63,"column":62}},"14":{"start":{"line":64,"column":8},"end":{"line":64,"column":70}},"15":{"start":{"line":71,"column":20},"end":{"line":105,"column":3}},"16":{"start":{"line":76,"column":19},"end":{"line":76,"column":35}},"17":{"start":{"line":77,"column":6},"end":{"line":77,"column":24}},"18":{"start":{"line":77,"column":17},"end":{"line":77,"column":24}},"19":{"start":{"line":79,"column":6},"end":{"line":102,"column":7}},"20":{"start":{"line":80,"column":18},"end":{"line":83,"column":9}},"21":{"start":{"line":84,"column":21},"end":{"line":84,"column":37}},"22":{"start":{"line":86,"column":8},"end":{"line":89,"column":9}},"23":{"start":{"line":87,"column":10},"end":{"line":87,"column":22}},"24":{"start":{"line":88,"column":10},"end":{"line":88,"column":17}},"25":{"start":{"line":92,"column":8},"end":{"line":92,"column":66}},"26":{"start":{"line":92,"column":47},"end":{"line":92,"column":63}},"27":{"start":{"line":95,"column":25},"end":{"line":95,"column":41}},"28":{"start":{"line":96,"column":8},"end":{"line":96,"column":65}},"29":{"start":{"line":98,"column":8},"end":{"line":98,"column":20}},"30":{"start":{"line":100,"column":8},"end":{"line":100,"column":62}},"31":{"start":{"line":101,"column":8},"end":{"line":101,"column":71}},"32":{"start":{"line":108,"column":27},"end":{"line":140,"column":3}},"33":{"start":{"line":118,"column":8},"end":{"line":118,"column":70}},"34":{"start":{"line":120,"column":8},"end":{"line":124,"column":36}},"35":{"start":{"line":126,"column":8},"end":{"line":126,"column":70}},"36":{"start":{"line":128,"column":8},"end":{"line":128,"column":70}},"37":{"start":{"line":130,"column":6},"end":{"line":137,"column":9}},"38":{"start":{"line":135,"column":25},"end":{"line":135,"column":72}},"39":{"start":{"line":143,"column":27},"end":{"line":181,"column":3}},"40":{"start":{"line":151,"column":8},"end":{"line":155,"column":28}},"41":{"start":{"line":157,"column":8},"end":{"line":161,"column":61}},"42":{"start":{"line":163,"column":8},"end":{"line":163,"column":70}},"43":{"start":{"line":165,"column":8},"end":{"line":169,"column":28}},"44":{"start":{"line":171,"column":6},"end":{"line":178,"column":9}},"45":{"start":{"line":176,"column":25},"end":{"line":176,"column":51}},"46":{"start":{"line":183,"column":2},"end":{"line":188,"column":4}}},"fnMap":{"0":{"name":"useDeleteHistory","decl":{"start":{"line":37,"column":16},"end":{"line":37,"column":32}},"loc":{"start":{"line":37,"column":35},"end":{"line":189,"column":1}},"line":37},"1":{"name":"(anonymous_1)","decl":{"start":{"line":44,"column":4},"end":{"line":44,"column":5}},"loc":{"start":{"line":49,"column":24},"end":{"line":66,"column":5}},"line":49},"2":{"name":"(anonymous_2)","decl":{"start":{"line":72,"column":4},"end":{"line":72,"column":5}},"loc":{"start":{"line":75,"column":24},"end":{"line":103,"column":5}},"line":75},"3":{"name":"(anonymous_3)","decl":{"start":{"line":92,"column":40},"end":{"line":92,"column":41}},"loc":{"start":{"line":92,"column":47},"end":{"line":92,"column":63}},"line":92},"4":{"name":"(anonymous_4)","decl":{"start":{"line":109,"column":4},"end":{"line":109,"column":5}},"loc":{"start":{"line":116,"column":9},"end":{"line":138,"column":5}},"line":116},"5":{"name":"(anonymous_5)","decl":{"start":{"line":135,"column":19},"end":{"line":135,"column":20}},"loc":{"start":{"line":135,"column":25},"end":{"line":135,"column":72}},"line":135},"6":{"name":"(anonymous_6)","decl":{"start":{"line":144,"column":4},"end":{"line":144,"column":5}},"loc":{"start":{"line":149,"column":9},"end":{"line":179,"column":5}},"line":149},"7":{"name":"(anonymous_7)","decl":{"start":{"line":176,"column":19},"end":{"line":176,"column":20}},"loc":{"start":{"line":176,"column":25},"end":{"line":176,"column":51}},"line":176}},"branchMap":{"0":{"loc":{"start":{"line":51,"column":6},"end":{"line":51,"column":24}},"type":"if","locations":[{"start":{"line":51,"column":6},"end":{"line":51,"column":24}},{"start":{},"end":{}}],"line":51},"1":{"loc":{"start":{"line":57,"column":8},"end":{"line":59,"column":9}},"type":"if","locations":[{"start":{"line":57,"column":8},"end":{"line":59,"column":9}},{"start":{},"end":{}}],"line":57},"2":{"loc":{"start":{"line":77,"column":6},"end":{"line":77,"column":24}},"type":"if","locations":[{"start":{"line":77,"column":6},"end":{"line":77,"column":24}},{"start":{},"end":{}}],"line":77},"3":{"loc":{"start":{"line":86,"column":8},"end":{"line":89,"column":9}},"type":"if","locations":[{"start":{"line":86,"column":8},"end":{"line":89,"column":9}},{"start":{},"end":{}}],"line":86},"4":{"loc":{"start":{"line":118,"column":8},"end":{"line":118,"column":70}},"type":"cond-expr","locations":[{"start":{"line":118,"column":24},"end":{"line":118,"column":29}},{"start":{"line":118,"column":32},"end":{"line":118,"column":70}}],"line":118},"5":{"loc":{"start":{"line":118,"column":32},"end":{"line":118,"column":70}},"type":"cond-expr","locations":[{"start":{"line":118,"column":48},"end":{"line":118,"column":56}},{"start":{"line":118,"column":59},"end":{"line":118,"column":70}}],"line":118},"6":{"loc":{"start":{"line":120,"column":8},"end":{"line":124,"column":36}},"type":"cond-expr","locations":[{"start":{"line":121,"column":12},"end":{"line":121,"column":30}},{"start":{"line":122,"column":12},"end":{"line":124,"column":36}}],"line":120},"7":{"loc":{"start":{"line":122,"column":12},"end":{"line":124,"column":36}},"type":"cond-expr","locations":[{"start":{"line":123,"column":12},"end":{"line":123,"column":32}},{"start":{"line":124,"column":12},"end":{"line":124,"column":36}}],"line":122},"8":{"loc":{"start":{"line":126,"column":8},"end":{"line":126,"column":70}},"type":"cond-expr","locations":[{"start":{"line":126,"column":24},"end":{"line":126,"column":31}},{"start":{"line":126,"column":34},"end":{"line":126,"column":70}}],"line":126},"9":{"loc":{"start":{"line":126,"column":34},"end":{"line":126,"column":70}},"type":"cond-expr","locations":[{"start":{"line":126,"column":50},"end":{"line":126,"column":58}},{"start":{"line":126,"column":61},"end":{"line":126,"column":70}}],"line":126},"10":{"loc":{"start":{"line":128,"column":8},"end":{"line":128,"column":70}},"type":"cond-expr","locations":[{"start":{"line":128,"column":24},"end":{"line":128,"column":29}},{"start":{"line":128,"column":32},"end":{"line":128,"column":70}}],"line":128},"11":{"loc":{"start":{"line":128,"column":32},"end":{"line":128,"column":70}},"type":"cond-expr","locations":[{"start":{"line":128,"column":48},"end":{"line":128,"column":56}},{"start":{"line":128,"column":59},"end":{"line":128,"column":70}}],"line":128},"12":{"loc":{"start":{"line":151,"column":8},"end":{"line":155,"column":28}},"type":"cond-expr","locations":[{"start":{"line":152,"column":12},"end":{"line":152,"column":22}},{"start":{"line":153,"column":12},"end":{"line":155,"column":28}}],"line":151},"13":{"loc":{"start":{"line":153,"column":12},"end":{"line":155,"column":28}},"type":"cond-expr","locations":[{"start":{"line":154,"column":12},"end":{"line":154,"column":24}},{"start":{"line":155,"column":12},"end":{"line":155,"column":28}}],"line":153},"14":{"loc":{"start":{"line":157,"column":8},"end":{"line":161,"column":61}},"type":"cond-expr","locations":[{"start":{"line":158,"column":12},"end":{"line":158,"column":44}},{"start":{"line":159,"column":12},"end":{"line":161,"column":61}}],"line":157},"15":{"loc":{"start":{"line":159,"column":12},"end":{"line":161,"column":61}},"type":"cond-expr","locations":[{"start":{"line":160,"column":12},"end":{"line":160,"column":51}},{"start":{"line":161,"column":12},"end":{"line":161,"column":61}}],"line":159},"16":{"loc":{"start":{"line":163,"column":8},"end":{"line":163,"column":70}},"type":"cond-expr","locations":[{"start":{"line":163,"column":24},"end":{"line":163,"column":31}},{"start":{"line":163,"column":34},"end":{"line":163,"column":70}}],"line":163},"17":{"loc":{"start":{"line":163,"column":34},"end":{"line":163,"column":70}},"type":"cond-expr","locations":[{"start":{"line":163,"column":50},"end":{"line":163,"column":58}},{"start":{"line":163,"column":61},"end":{"line":163,"column":70}}],"line":163},"18":{"loc":{"start":{"line":165,"column":8},"end":{"line":169,"column":28}},"type":"cond-expr","locations":[{"start":{"line":166,"column":12},"end":{"line":166,"column":22}},{"start":{"line":167,"column":12},"end":{"line":169,"column":28}}],"line":165},"19":{"loc":{"start":{"line":167,"column":12},"end":{"line":169,"column":28}},"type":"cond-expr","locations":[{"start":{"line":168,"column":12},"end":{"line":168,"column":24}},{"start":{"line":169,"column":12},"end":{"line":169,"column":28}}],"line":167}},"s":{"0":1,"1":24,"2":24,"3":24,"4":24,"5":12,"6":12,"7":1,"8":11,"9":11,"10":10,"11":1,"12":10,"13":1,"14":1,"15":24,"16":12,"17":12,"18":1,"19":11,"20":11,"21":11,"22":10,"23":1,"24":1,"25":9,"26":10,"27":9,"28":9,"29":9,"30":1,"31":1,"32":24,"33":4,"34":4,"35":4,"36":4,"37":4,"38":1,"39":24,"40":4,"41":4,"42":4,"43":4,"44":4,"45":1,"46":24},"f":{"0":24,"1":12,"2":12,"3":10,"4":4,"5":1,"6":4,"7":1},"b":{"0":[1,11],"1":[1,9],"2":[1,11],"3":[1,9],"4":[1,3],"5":[1,2],"6":[1,3],"7":[1,2],"8":[1,3],"9":[1,2],"10":[1,3],"11":[1,2],"12":[1,3],"13":[1,2],"14":[1,3],"15":[1,2],"16":[1,3],"17":[1,2],"18":[1,3],"19":[1,2]},"_coverageSchema":"1a1c01bbd47fc00a2c39e90264f33305004495a9","hash":"bc741929e0a57c6dd24b32cea00d02b56010d4d6"}
,"C:\\studyai\\store\\authStore.ts": {"path":"C:\\studyai\\store\\authStore.ts","statementMap":{"0":{"start":{"line":18,"column":13},"end":{"line":18,"column":25}},"1":{"start":{"line":20,"column":25},"end":{"line":88,"column":1}},"2":{"start":{"line":21,"column":73},"end":{"line":77,"column":3}},"3":{"start":{"line":79,"column":16},"end":{"line":79,"column":28}},"4":{"start":{"line":80,"column":2},"end":{"line":84,"column":3}},"5":{"start":{"line":81,"column":4},"end":{"line":81,"column":54}},"6":{"start":{"line":81,"column":23},"end":{"line":81,"column":54}},"7":{"start":{"line":82,"column":4},"end":{"line":82,"column":69}},"8":{"start":{"line":82,"column":23},"end":{"line":82,"column":69}},"9":{"start":{"line":83,"column":4},"end":{"line":83,"column":50}},"10":{"start":{"line":85,"column":2},"end":{"line":85,"column":37}},"11":{"start":{"line":85,"column":21},"end":{"line":85,"column":37}},"12":{"start":{"line":86,"column":2},"end":{"line":86,"column":37}},"13":{"start":{"line":86,"column":21},"end":{"line":86,"column":37}},"14":{"start":{"line":87,"column":2},"end":{"line":87,"column":18}},"15":{"start":{"line":114,"column":28},"end":{"line":238,"column":3}},"16":{"start":{"line":114,"column":56},"end":{"line":238,"column":1}},"17":{"start":{"line":122,"column":26},"end":{"line":122,"column":50}},"18":{"start":{"line":125,"column":22},"end":{"line":139,"column":4}},"19":{"start":{"line":126,"column":4},"end":{"line":138,"column":5}},"20":{"start":{"line":128,"column":6},"end":{"line":135,"column":7}},"21":{"start":{"line":129,"column":19},"end":{"line":129,"column":36}},"22":{"start":{"line":130,"column":21},"end":{"line":130,"column":61}},"23":{"start":{"line":131,"column":26},"end":{"line":131,"column":78}},"24":{"start":{"line":132,"column":8},"end":{"line":132,"column":54}},"25":{"start":{"line":134,"column":8},"end":{"line":134,"column":43}},"26":{"start":{"line":137,"column":6},"end":{"line":137,"column":64}},"27":{"start":{"line":140,"column":2},"end":{"line":140,"column":21}},"28":{"start":{"line":144,"column":4},"end":{"line":144,"column":42}},"29":{"start":{"line":145,"column":4},"end":{"line":163,"column":5}},"30":{"start":{"line":146,"column":19},"end":{"line":146,"column":74}},"31":{"start":{"line":147,"column":6},"end":{"line":151,"column":7}},"32":{"start":{"line":148,"column":8},"end":{"line":148,"column":28}},"33":{"start":{"line":149,"column":8},"end":{"line":149,"column":63}},"34":{"start":{"line":150,"column":8},"end":{"line":150,"column":46}},"35":{"start":{"line":153,"column":17},"end":{"line":153,"column":34}},"36":{"start":{"line":154,"column":19},"end":{"line":154,"column":64}},"37":{"start":{"line":155,"column":24},"end":{"line":155,"column":76}},"38":{"start":{"line":156,"column":6},"end":{"line":156,"column":43}},"39":{"start":{"line":158,"column":18},"end":{"line":160,"column":40}},"40":{"start":{"line":161,"column":6},"end":{"line":161,"column":44}},"41":{"start":{"line":162,"column":6},"end":{"line":162,"column":14}},"42":{"start":{"line":167,"column":4},"end":{"line":167,"column":42}},"43":{"start":{"line":168,"column":4},"end":{"line":200,"column":5}},"44":{"start":{"line":169,"column":19},"end":{"line":169,"column":78}},"45":{"start":{"line":171,"column":20},"end":{"line":171,"column":39}},"46":{"start":{"line":172,"column":20},"end":{"line":172,"column":30}},"47":{"start":{"line":173,"column":16},"end":{"line":173,"column":57}},"48":{"start":{"line":174,"column":16},"end":{"line":174,"column":51}},"49":{"start":{"line":175,"column":6},"end":{"line":175,"column":73}},"50":{"start":{"line":175,"column":67},"end":{"line":175,"column":73}},"51":{"start":{"line":176,"column":22},"end":{"line":176,"column":30}},"52":{"start":{"line":178,"column":17},"end":{"line":178,"column":34}},"53":{"start":{"line":179,"column":6},"end":{"line":190,"column":9}},"54":{"start":{"line":192,"column":18},"end":{"line":192,"column":31}},"55":{"start":{"line":193,"column":6},"end":{"line":193,"column":45}},"56":{"start":{"line":194,"column":6},"end":{"line":194,"column":26}},"57":{"start":{"line":195,"column":6},"end":{"line":195,"column":53}},"58":{"start":{"line":197,"column":18},"end":{"line":197,"column":48}},"59":{"start":{"line":198,"column":6},"end":{"line":198,"column":44}},"60":{"start":{"line":199,"column":6},"end":{"line":199,"column":14}},"61":{"start":{"line":204,"column":4},"end":{"line":204,"column":29}},"62":{"start":{"line":205,"column":4},"end":{"line":210,"column":5}},"63":{"start":{"line":206,"column":6},"end":{"line":206,"column":26}},"64":{"start":{"line":207,"column":6},"end":{"line":207,"column":83}},"65":{"start":{"line":209,"column":6},"end":{"line":209,"column":50}},"66":{"start":{"line":214,"column":4},"end":{"line":214,"column":42}},"67":{"start":{"line":215,"column":4},"end":{"line":222,"column":5}},"68":{"start":{"line":216,"column":26},"end":{"line":216,"column":42}},"69":{"start":{"line":217,"column":6},"end":{"line":217,"column":64}},"70":{"start":{"line":217,"column":23},"end":{"line":217,"column":64}},"71":{"start":{"line":218,"column":6},"end":{"line":218,"column":32}},"72":{"start":{"line":220,"column":6},"end":{"line":220,"column":50}},"73":{"start":{"line":221,"column":6},"end":{"line":221,"column":14}},"74":{"start":{"line":226,"column":4},"end":{"line":234,"column":5}},"75":{"start":{"line":227,"column":26},"end":{"line":227,"column":42}},"76":{"start":{"line":228,"column":6},"end":{"line":231,"column":7}},"77":{"start":{"line":229,"column":8},"end":{"line":229,"column":34}},"78":{"start":{"line":230,"column":8},"end":{"line":230,"column":40}},"79":{"start":{"line":233,"column":6},"end":{"line":233,"column":42}},"80":{"start":{"line":237,"column":20},"end":{"line":237,"column":40}}},"fnMap":{"0":{"name":"(anonymous_0)","decl":{"start":{"line":20,"column":25},"end":{"line":20,"column":26}},"loc":{"start":{"line":20,"column":65},"end":{"line":88,"column":1}},"line":20},"1":{"name":"(anonymous_1)","decl":{"start":{"line":114,"column":46},"end":{"line":114,"column":47}},"loc":{"start":{"line":114,"column":56},"end":{"line":238,"column":1}},"line":114},"2":{"name":"(anonymous_2)","decl":{"start":{"line":122,"column":16},"end":{"line":122,"column":17}},"loc":{"start":{"line":122,"column":26},"end":{"line":122,"column":50}},"line":122},"3":{"name":"(anonymous_3)","decl":{"start":{"line":124,"column":14},"end":{"line":124,"column":15}},"loc":{"start":{"line":124,"column":20},"end":{"line":141,"column":1}},"line":124},"4":{"name":"(anonymous_4)","decl":{"start":{"line":125,"column":47},"end":{"line":125,"column":48}},"loc":{"start":{"line":125,"column":63},"end":{"line":139,"column":3}},"line":125},"5":{"name":"(anonymous_5)","decl":{"start":{"line":143,"column":9},"end":{"line":143,"column":10}},"loc":{"start":{"line":143,"column":49},"end":{"line":164,"column":3}},"line":143},"6":{"name":"(anonymous_6)","decl":{"start":{"line":166,"column":10},"end":{"line":166,"column":11}},"loc":{"start":{"line":166,"column":82},"end":{"line":201,"column":3}},"line":166},"7":{"name":"(anonymous_7)","decl":{"start":{"line":203,"column":10},"end":{"line":203,"column":11}},"loc":{"start":{"line":203,"column":22},"end":{"line":211,"column":3}},"line":203},"8":{"name":"(anonymous_8)","decl":{"start":{"line":213,"column":25},"end":{"line":213,"column":26}},"loc":{"start":{"line":213,"column":37},"end":{"line":223,"column":3}},"line":213},"9":{"name":"(anonymous_9)","decl":{"start":{"line":225,"column":14},"end":{"line":225,"column":15}},"loc":{"start":{"line":225,"column":26},"end":{"line":235,"column":3}},"line":225},"10":{"name":"(anonymous_10)","decl":{"start":{"line":237,"column":14},"end":{"line":237,"column":15}},"loc":{"start":{"line":237,"column":20},"end":{"line":237,"column":40}},"line":237}},"branchMap":{"0":{"loc":{"start":{"line":80,"column":2},"end":{"line":84,"column":3}},"type":"if","locations":[{"start":{"line":80,"column":2},"end":{"line":84,"column":3}},{"start":{},"end":{}}],"line":80},"1":{"loc":{"start":{"line":81,"column":4},"end":{"line":81,"column":54}},"type":"if","locations":[{"start":{"line":81,"column":4},"end":{"line":81,"column":54}},{"start":{},"end":{}}],"line":81},"2":{"loc":{"start":{"line":82,"column":4},"end":{"line":82,"column":69}},"type":"if","locations":[{"start":{"line":82,"column":4},"end":{"line":82,"column":69}},{"start":{},"end":{}}],"line":82},"3":{"loc":{"start":{"line":85,"column":2},"end":{"line":85,"column":37}},"type":"if","locations":[{"start":{"line":85,"column":2},"end":{"line":85,"column":37}},{"start":{},"end":{}}],"line":85},"4":{"loc":{"start":{"line":86,"column":2},"end":{"line":86,"column":37}},"type":"if","locations":[{"start":{"line":86,"column":2},"end":{"line":86,"column":37}},{"start":{},"end":{}}],"line":86},"5":{"loc":{"start":{"line":126,"column":4},"end":{"line":138,"column":5}},"type":"if","locations":[{"start":{"line":126,"column":4},"end":{"line":138,"column":5}},{"start":{"line":136,"column":11},"end":{"line":138,"column":5}}],"line":126},"6":{"loc":{"start":{"line":131,"column":26},"end":{"line":131,"column":78}},"type":"cond-expr","locations":[{"start":{"line":131,"column":42},"end":{"line":131,"column":71}},{"start":{"line":131,"column":74},"end":{"line":131,"column":78}}],"line":131},"7":{"loc":{"start":{"line":131,"column":42},"end":{"line":131,"column":71}},"type":"binary-expr","locations":[{"start":{"line":131,"column":42},"end":{"line":131,"column":63}},{"start":{"line":131,"column":67},"end":{"line":131,"column":71}}],"line":131},"8":{"loc":{"start":{"line":143,"column":33},"end":{"line":143,"column":44}},"type":"default-arg","locations":[{"start":{"line":143,"column":40},"end":{"line":143,"column":44}}],"line":143},"9":{"loc":{"start":{"line":147,"column":6},"end":{"line":151,"column":7}},"type":"if","locations":[{"start":{"line":147,"column":6},"end":{"line":151,"column":7}},{"start":{},"end":{}}],"line":147},"10":{"loc":{"start":{"line":155,"column":24},"end":{"line":155,"column":76}},"type":"cond-expr","locations":[{"start":{"line":155,"column":40},"end":{"line":155,"column":69}},{"start":{"line":155,"column":72},"end":{"line":155,"column":76}}],"line":155},"11":{"loc":{"start":{"line":155,"column":40},"end":{"line":155,"column":69}},"type":"binary-expr","locations":[{"start":{"line":155,"column":40},"end":{"line":155,"column":61}},{"start":{"line":155,"column":65},"end":{"line":155,"column":69}}],"line":155},"12":{"loc":{"start":{"line":158,"column":18},"end":{"line":160,"column":40}},"type":"cond-expr","locations":[{"start":{"line":159,"column":10},"end":{"line":159,"column":30}},{"start":{"line":160,"column":10},"end":{"line":160,"column":40}}],"line":158},"13":{"loc":{"start":{"line":166,"column":66},"end":{"line":166,"column":77}},"type":"default-arg","locations":[{"start":{"line":166,"column":73},"end":{"line":166,"column":77}}],"line":166},"14":{"loc":{"start":{"line":175,"column":6},"end":{"line":175,"column":73}},"type":"if","locations":[{"start":{"line":175,"column":6},"end":{"line":175,"column":73}},{"start":{},"end":{}}],"line":175},"15":{"loc":{"start":{"line":175,"column":10},"end":{"line":175,"column":65}},"type":"binary-expr","locations":[{"start":{"line":175,"column":10},"end":{"line":175,"column":15}},{"start":{"line":175,"column":20},"end":{"line":175,"column":27}},{"start":{"line":175,"column":31},"end":{"line":175,"column":64}}],"line":175},"16":{"loc":{"start":{"line":188,"column":31},"end":{"line":188,"column":57}},"type":"cond-expr","locations":[{"start":{"line":188,"column":41},"end":{"line":188,"column":50}},{"start":{"line":188,"column":53},"end":{"line":188,"column":57}}],"line":188},"17":{"loc":{"start":{"line":217,"column":6},"end":{"line":217,"column":64}},"type":"if","locations":[{"start":{"line":217,"column":6},"end":{"line":217,"column":64}},{"start":{},"end":{}}],"line":217},"18":{"loc":{"start":{"line":228,"column":6},"end":{"line":231,"column":7}},"type":"if","locations":[{"start":{"line":228,"column":6},"end":{"line":231,"column":7}},{"start":{},"end":{}}],"line":228}},"s":{"0":1,"1":1,"2":7,"3":7,"4":7,"5":0,"6":0,"7":0,"8":0,"9":0,"10":7,"11":1,"12":6,"13":2,"14":4,"15":1,"16":1,"17":1,"18":0,"19":0,"20":0,"21":0,"22":0,"23":0,"24":0,"25":0,"26":0,"27":0,"28":8,"29":8,"30":8,"31":3,"32":1,"33":1,"34":1,"35":2,"36":2,"37":2,"38":2,"39":6,"40":6,"41":6,"42":5,"43":5,"44":5,"45":3,"46":3,"47":3,"48":3,"49":3,"50":1,"51":3,"52":3,"53":3,"54":3,"55":3,"56":3,"57":3,"58":2,"59":2,"60":2,"61":1,"62":1,"63":1,"64":1,"65":0,"66":1,"67":1,"68":1,"69":0,"70":0,"71":0,"72":1,"73":1,"74":1,"75":1,"76":0,"77":0,"78":0,"79":1,"80":1},"f":{"0":7,"1":1,"2":1,"3":0,"4":0,"5":8,"6":5,"7":1,"8":1,"9":1,"10":1},"b":{"0":[0,7],"1":[0,0],"2":[0,0],"3":[1,6],"4":[2,4],"5":[0,0],"6":[0,0],"7":[0,0],"8":[3],"9":[1,2],"10":[1,1],"11":[1,0],"12":[1,5],"13":[3],"14":[1,2],"15":[3,2,0],"16":[1,2],"17":[0,0],"18":[0,0]},"_coverageSchema":"1a1c01bbd47fc00a2c39e90264f33305004495a9","hash":"ffac6d8d3604efeeb250f808d4a550c9bfb021dd"}
,"C:\\studyai\\store\\usageStore.ts": {"path":"C:\\studyai\\store\\usageStore.ts","statementMap":{"0":{"start":{"line":11,"column":21},"end":{"line":11,"column":65}},"1":{"start":{"line":11,"column":27},"end":{"line":11,"column":65}},"2":{"start":{"line":25,"column":29},"end":{"line":182,"column":3}},"3":{"start":{"line":25,"column":63},"end":{"line":182,"column":1}},"4":{"start":{"line":30,"column":16},"end":{"line":30,"column":24}},"5":{"start":{"line":31,"column":15},"end":{"line":31,"column":32}},"6":{"start":{"line":32,"column":17},"end":{"line":32,"column":29}},"7":{"start":{"line":33,"column":17},"end":{"line":33,"column":33}},"8":{"start":{"line":34,"column":4},"end":{"line":34,"column":22}},"9":{"start":{"line":34,"column":15},"end":{"line":34,"column":22}},"10":{"start":{"line":36,"column":4},"end":{"line":36,"column":29}},"11":{"start":{"line":37,"column":4},"end":{"line":69,"column":5}},"12":{"start":{"line":38,"column":20},"end":{"line":38,"column":34}},"13":{"start":{"line":39,"column":18},"end":{"line":39,"column":58}},"14":{"start":{"line":40,"column":19},"end":{"line":40,"column":36}},"15":{"start":{"line":42,"column":6},"end":{"line":64,"column":7}},"16":{"start":{"line":43,"column":21},"end":{"line":43,"column":47}},"17":{"start":{"line":45,"column":8},"end":{"line":45,"column":61}},"18":{"start":{"line":45,"column":42},"end":{"line":45,"column":61}},"19":{"start":{"line":46,"column":8},"end":{"line":46,"column":29}},"20":{"start":{"line":48,"column":24},"end":{"line":48,"column":50}},"21":{"start":{"line":49,"column":25},"end":{"line":49,"column":46}},"22":{"start":{"line":50,"column":31},"end":{"line":52,"column":18}},"23":{"start":{"line":54,"column":39},"end":{"line":61,"column":9}},"24":{"start":{"line":62,"column":8},"end":{"line":62,"column":37}},"25":{"start":{"line":63,"column":8},"end":{"line":63,"column":34}},"26":{"start":{"line":66,"column":6},"end":{"line":66,"column":43}},"27":{"start":{"line":68,"column":6},"end":{"line":68,"column":32}},"28":{"start":{"line":73,"column":22},"end":{"line":73,"column":27}},"29":{"start":{"line":74,"column":4},"end":{"line":74,"column":29}},"30":{"start":{"line":74,"column":16},"end":{"line":74,"column":29}},"31":{"start":{"line":75,"column":4},"end":{"line":75,"column":44}},"32":{"start":{"line":79,"column":22},"end":{"line":79,"column":27}},"33":{"start":{"line":80,"column":4},"end":{"line":80,"column":29}},"34":{"start":{"line":80,"column":16},"end":{"line":80,"column":29}},"35":{"start":{"line":81,"column":4},"end":{"line":81,"column":53}},"36":{"start":{"line":85,"column":16},"end":{"line":85,"column":24}},"37":{"start":{"line":86,"column":15},"end":{"line":86,"column":32}},"38":{"start":{"line":87,"column":17},"end":{"line":87,"column":29}},"39":{"start":{"line":88,"column":17},"end":{"line":88,"column":33}},"40":{"start":{"line":89,"column":4},"end":{"line":89,"column":28}},"41":{"start":{"line":89,"column":15},"end":{"line":89,"column":28}},"42":{"start":{"line":91,"column":4},"end":{"line":91,"column":28}},"43":{"start":{"line":92,"column":22},"end":{"line":92,"column":27}},"44":{"start":{"line":93,"column":4},"end":{"line":93,"column":29}},"45":{"start":{"line":93,"column":16},"end":{"line":93,"column":29}},"46":{"start":{"line":95,"column":4},"end":{"line":95,"column":56}},"47":{"start":{"line":95,"column":43},"end":{"line":95,"column":56}},"48":{"start":{"line":97,"column":18},"end":{"line":97,"column":32}},"49":{"start":{"line":98,"column":16},"end":{"line":98,"column":56}},"50":{"start":{"line":99,"column":4},"end":{"line":102,"column":7}},"51":{"start":{"line":104,"column":4},"end":{"line":106,"column":7}},"52":{"start":{"line":108,"column":4},"end":{"line":108,"column":16}},"53":{"start":{"line":112,"column":16},"end":{"line":112,"column":24}},"54":{"start":{"line":113,"column":15},"end":{"line":113,"column":32}},"55":{"start":{"line":114,"column":17},"end":{"line":114,"column":29}},"56":{"start":{"line":115,"column":17},"end":{"line":115,"column":33}},"57":{"start":{"line":116,"column":4},"end":{"line":116,"column":28}},"58":{"start":{"line":116,"column":15},"end":{"line":116,"column":28}},"59":{"start":{"line":118,"column":4},"end":{"line":118,"column":28}},"60":{"start":{"line":119,"column":22},"end":{"line":119,"column":27}},"61":{"start":{"line":120,"column":4},"end":{"line":120,"column":29}},"62":{"start":{"line":120,"column":16},"end":{"line":120,"column":29}},"63":{"start":{"line":122,"column":4},"end":{"line":122,"column":65}},"64":{"start":{"line":122,"column":52},"end":{"line":122,"column":65}},"65":{"start":{"line":124,"column":18},"end":{"line":124,"column":32}},"66":{"start":{"line":125,"column":16},"end":{"line":125,"column":56}},"67":{"start":{"line":126,"column":4},"end":{"line":129,"column":7}},"68":{"start":{"line":131,"column":4},"end":{"line":133,"column":7}},"69":{"start":{"line":135,"column":4},"end":{"line":135,"column":16}},"70":{"start":{"line":139,"column":16},"end":{"line":139,"column":24}},"71":{"start":{"line":140,"column":15},"end":{"line":140,"column":32}},"72":{"start":{"line":141,"column":17},"end":{"line":141,"column":29}},"73":{"start":{"line":142,"column":17},"end":{"line":142,"column":33}},"74":{"start":{"line":143,"column":4},"end":{"line":143,"column":22}},"75":{"start":{"line":143,"column":15},"end":{"line":143,"column":22}},"76":{"start":{"line":145,"column":18},"end":{"line":145,"column":32}},"77":{"start":{"line":146,"column":20},"end":{"line":146,"column":46}},"78":{"start":{"line":147,"column":4},"end":{"line":147,"column":64}},"79":{"start":{"line":149,"column":21},"end":{"line":149,"column":61}},"80":{"start":{"line":150,"column":4},"end":{"line":159,"column":7}},"81":{"start":{"line":151,"column":6},"end":{"line":158,"column":9}},"82":{"start":{"line":161,"column":22},"end":{"line":161,"column":27}},"83":{"start":{"line":162,"column":4},"end":{"line":162,"column":61}},"84":{"start":{"line":162,"column":15},"end":{"line":162,"column":61}},"85":{"start":{"line":166,"column":16},"end":{"line":166,"column":24}},"86":{"start":{"line":167,"column":15},"end":{"line":167,"column":32}},"87":{"start":{"line":168,"column":17},"end":{"line":168,"column":29}},"88":{"start":{"line":169,"column":17},"end":{"line":169,"column":33}},"89":{"start":{"line":170,"column":4},"end":{"line":170,"column":22}},"90":{"start":{"line":170,"column":15},"end":{"line":170,"column":22}},"91":{"start":{"line":172,"column":18},"end":{"line":172,"column":32}},"92":{"start":{"line":173,"column":16},"end":{"line":173,"column":56}},"93":{"start":{"line":174,"column":4},"end":{"line":178,"column":7}},"94":{"start":{"line":179,"column":22},"end":{"line":179,"column":27}},"95":{"start":{"line":180,"column":4},"end":{"line":180,"column":68}},"96":{"start":{"line":180,"column":15},"end":{"line":180,"column":68}}},"fnMap":{"0":{"name":"(anonymous_0)","decl":{"start":{"line":11,"column":21},"end":{"line":11,"column":22}},"loc":{"start":{"line":11,"column":27},"end":{"line":11,"column":65}},"line":11},"1":{"name":"(anonymous_1)","decl":{"start":{"line":25,"column":48},"end":{"line":25,"column":49}},"loc":{"start":{"line":25,"column":63},"end":{"line":182,"column":1}},"line":25},"2":{"name":"(anonymous_2)","decl":{"start":{"line":29,"column":13},"end":{"line":29,"column":14}},"loc":{"start":{"line":29,"column":25},"end":{"line":70,"column":3}},"line":29},"3":{"name":"(anonymous_3)","decl":{"start":{"line":72,"column":18},"end":{"line":72,"column":19}},"loc":{"start":{"line":72,"column":24},"end":{"line":76,"column":3}},"line":72},"4":{"name":"(anonymous_4)","decl":{"start":{"line":78,"column":22},"end":{"line":78,"column":23}},"loc":{"start":{"line":78,"column":28},"end":{"line":82,"column":3}},"line":78},"5":{"name":"(anonymous_5)","decl":{"start":{"line":84,"column":18},"end":{"line":84,"column":19}},"loc":{"start":{"line":84,"column":30},"end":{"line":109,"column":3}},"line":84},"6":{"name":"(anonymous_6)","decl":{"start":{"line":111,"column":22},"end":{"line":111,"column":23}},"loc":{"start":{"line":111,"column":34},"end":{"line":136,"column":3}},"line":111},"7":{"name":"(anonymous_7)","decl":{"start":{"line":138,"column":20},"end":{"line":138,"column":21}},"loc":{"start":{"line":138,"column":32},"end":{"line":163,"column":3}},"line":138},"8":{"name":"(anonymous_8)","decl":{"start":{"line":150,"column":57},"end":{"line":150,"column":58}},"loc":{"start":{"line":150,"column":63},"end":{"line":159,"column":5}},"line":150},"9":{"name":"(anonymous_9)","decl":{"start":{"line":165,"column":21},"end":{"line":165,"column":22}},"loc":{"start":{"line":165,"column":33},"end":{"line":181,"column":3}},"line":165}},"branchMap":{"0":{"loc":{"start":{"line":34,"column":4},"end":{"line":34,"column":22}},"type":"if","locations":[{"start":{"line":34,"column":4},"end":{"line":34,"column":22}},{"start":{},"end":{}}],"line":34},"1":{"loc":{"start":{"line":42,"column":6},"end":{"line":64,"column":7}},"type":"if","locations":[{"start":{"line":42,"column":6},"end":{"line":64,"column":7}},{"start":{"line":47,"column":13},"end":{"line":64,"column":7}}],"line":42},"2":{"loc":{"start":{"line":45,"column":8},"end":{"line":45,"column":61}},"type":"if","locations":[{"start":{"line":45,"column":8},"end":{"line":45,"column":61}},{"start":{},"end":{}}],"line":45},"3":{"loc":{"start":{"line":50,"column":31},"end":{"line":52,"column":18}},"type":"cond-expr","locations":[{"start":{"line":51,"column":12},"end":{"line":51,"column":56}},{"start":{"line":52,"column":12},"end":{"line":52,"column":18}}],"line":50},"4":{"loc":{"start":{"line":51,"column":12},"end":{"line":51,"column":56}},"type":"binary-expr","locations":[{"start":{"line":51,"column":13},"end":{"line":51,"column":45}},{"start":{"line":51,"column":50},"end":{"line":51,"column":56}}],"line":51},"5":{"loc":{"start":{"line":74,"column":4},"end":{"line":74,"column":29}},"type":"if","locations":[{"start":{"line":74,"column":4},"end":{"line":74,"column":29}},{"start":{},"end":{}}],"line":74},"6":{"loc":{"start":{"line":80,"column":4},"end":{"line":80,"column":29}},"type":"if","locations":[{"start":{"line":80,"column":4},"end":{"line":80,"column":29}},{"start":{},"end":{}}],"line":80},"7":{"loc":{"start":{"line":89,"column":4},"end":{"line":89,"column":28}},"type":"if","locations":[{"start":{"line":89,"column":4},"end":{"line":89,"column":28}},{"start":{},"end":{}}],"line":89},"8":{"loc":{"start":{"line":93,"column":4},"end":{"line":93,"column":29}},"type":"if","locations":[{"start":{"line":93,"column":4},"end":{"line":93,"column":29}},{"start":{},"end":{}}],"line":93},"9":{"loc":{"start":{"line":95,"column":4},"end":{"line":95,"column":56}},"type":"if","locations":[{"start":{"line":95,"column":4},"end":{"line":95,"column":56}},{"start":{},"end":{}}],"line":95},"10":{"loc":{"start":{"line":116,"column":4},"end":{"line":116,"column":28}},"type":"if","locations":[{"start":{"line":116,"column":4},"end":{"line":116,"column":28}},{"start":{},"end":{}}],"line":116},"11":{"loc":{"start":{"line":120,"column":4},"end":{"line":120,"column":29}},"type":"if","locations":[{"start":{"line":120,"column":4},"end":{"line":120,"column":29}},{"start":{},"end":{}}],"line":120},"12":{"loc":{"start":{"line":122,"column":4},"end":{"line":122,"column":65}},"type":"if","locations":[{"start":{"line":122,"column":4},"end":{"line":122,"column":65}},{"start":{},"end":{}}],"line":122},"13":{"loc":{"start":{"line":143,"column":4},"end":{"line":143,"column":22}},"type":"if","locations":[{"start":{"line":143,"column":4},"end":{"line":143,"column":22}},{"start":{},"end":{}}],"line":143},"14":{"loc":{"start":{"line":162,"column":4},"end":{"line":162,"column":61}},"type":"if","locations":[{"start":{"line":162,"column":4},"end":{"line":162,"column":61}},{"start":{},"end":{}}],"line":162},"15":{"loc":{"start":{"line":170,"column":4},"end":{"line":170,"column":22}},"type":"if","locations":[{"start":{"line":170,"column":4},"end":{"line":170,"column":22}},{"start":{},"end":{}}],"line":170},"16":{"loc":{"start":{"line":180,"column":4},"end":{"line":180,"column":68}},"type":"if","locations":[{"start":{"line":180,"column":4},"end":{"line":180,"column":68}},{"start":{},"end":{}}],"line":180}},"s":{"0":1,"1":5,"2":1,"3":1,"4":0,"5":0,"6":0,"7":0,"8":0,"9":0,"10":0,"11":0,"12":0,"13":0,"14":0,"15":0,"16":0,"17":0,"18":0,"19":0,"20":0,"21":0,"22":0,"23":0,"24":0,"25":0,"26":0,"27":0,"28":5,"29":5,"30":1,"31":4,"32":5,"33":5,"34":1,"35":4,"36":4,"37":4,"38":4,"39":4,"40":4,"41":0,"42":4,"43":4,"44":4,"45":1,"46":3,"47":2,"48":1,"49":1,"50":1,"51":1,"52":1,"53":4,"54":4,"55":4,"56":4,"57":4,"58":0,"59":4,"60":4,"61":4,"62":1,"63":3,"64":1,"65":2,"66":2,"67":2,"68":2,"69":2,"70":1,"71":1,"72":1,"73":1,"74":1,"75":0,"76":1,"77":1,"78":1,"79":1,"80":1,"81":0,"82":1,"83":1,"84":1,"85":1,"86":1,"87":1,"88":1,"89":1,"90":0,"91":1,"92":1,"93":1,"94":1,"95":1,"96":1},"f":{"0":5,"1":1,"2":0,"3":5,"4":5,"5":4,"6":4,"7":1,"8":0,"9":1},"b":{"0":[0,0],"1":[0,0],"2":[0,0],"3":[0,0],"4":[0,0],"5":[1,4],"6":[1,4],"7":[0,4],"8":[1,3],"9":[2,1],"10":[0,4],"11":[1,3],"12":[1,2],"13":[0,1],"14":[1,0],"15":[0,1],"16":[1,0]},"_coverageSchema":"1a1c01bbd47fc00a2c39e90264f33305004495a9","hash":"4aeee3322f103c45ff8766845ff96bb205b447d6"}
,"C:\\studyai\\types\\usage.ts": {"path":"C:\\studyai\\types\\usage.ts","statementMap":{"0":{"start":{"line":13,"column":48},"end":{"line":16,"column":1}},"1":{"start":{"line":18,"column":53},"end":{"line":21,"column":1}}},"fnMap":{},"branchMap":{},"s":{"0":3,"1":3},"f":{},"b":{},"_coverageSchema":"1a1c01bbd47fc00a2c39e90264f33305004495a9","hash":"6a3fb9930d061212f1bdaa33ae6da61d293a3ee5"}
}
