TN:
SF:hooks\useAIRequest.ts
FN:8,(anonymous_0)
FN:13,(anonymous_1)
FN:22,(anonymous_2)
FN:32,(anonymous_3)
FN:40,(anonymous_4)
FN:46,(anonymous_5)
FN:52,(anonymous_6)
FN:61,(anonymous_7)
FNF:8
FNH:8
FNDA:16,(anonymous_0)
FNDA:7,(anonymous_1)
FNDA:3,(anonymous_2)
FNDA:4,(anonymous_3)
FNDA:3,(anonymous_4)
FNDA:4,(anonymous_5)
FNDA:4,(anonymous_6)
FNDA:5,(anonymous_7)
DA:8,1
DA:9,16
DA:10,16
DA:11,16
DA:13,16
DA:14,7
DA:15,6
DA:16,6
DA:17,6
DA:18,5
DA:19,3
DA:22,16
DA:23,3
DA:24,3
DA:25,3
DA:26,1
DA:27,2
DA:28,1
DA:29,1
DA:32,16
DA:33,4
DA:34,1
DA:35,3
DA:36,1
DA:37,2
DA:40,16
DA:41,3
DA:42,2
DA:43,1
DA:46,16
DA:47,4
DA:48,3
DA:49,2
DA:52,16
DA:53,4
DA:54,4
DA:55,3
DA:56,3
DA:58,1
DA:61,16
DA:62,5
DA:63,5
DA:64,4
DA:65,4
DA:67,1
DA:70,16
LF:46
LH:46
BRDA:14,0,0,1
BRDA:14,0,1,6
BRDA:17,1,0,1
BRDA:17,1,1,5
BRDA:18,2,0,2
BRDA:18,2,1,3
BRDA:18,3,0,1
BRDA:18,3,1,1
BRDA:19,4,0,2
BRDA:19,4,1,1
BRDA:19,5,0,2
BRDA:19,5,1,1
BRDA:23,6,0,3
BRDA:23,6,1,0
BRDA:25,7,0,1
BRDA:25,7,1,2
BRDA:27,8,0,1
BRDA:27,8,1,1
BRDA:33,9,0,1
BRDA:33,9,1,3
BRDA:35,10,0,1
BRDA:35,10,1,2
BRDA:41,11,0,1
BRDA:41,11,1,2
BRDA:42,12,0,1
BRDA:42,12,1,1
BRDA:47,13,0,1
BRDA:47,13,1,3
BRDA:48,14,0,1
BRDA:48,14,1,2
BRDA:54,15,0,3
BRDA:54,15,1,1
BRDA:63,16,0,4
BRDA:63,16,1,1
BRF:34
BRH:33
end_of_record
TN:
SF:hooks\useDeleteHistory.ts
FN:37,useDeleteHistory
FN:44,(anonymous_1)
FN:72,(anonymous_2)
FN:92,(anonymous_3)
FN:109,(anonymous_4)
FN:135,(anonymous_5)
FN:144,(anonymous_6)
FN:176,(anonymous_7)
FNF:8
FNH:8
FNDA:24,useDeleteHistory
FNDA:12,(anonymous_1)
FNDA:12,(anonymous_2)
FNDA:10,(anonymous_3)
FNDA:4,(anonymous_4)
FNDA:1,(anonymous_5)
FNDA:4,(anonymous_6)
FNDA:1,(anonymous_7)
DA:27,1
DA:38,24
DA:39,24
DA:40,24
DA:43,24
DA:50,12
DA:51,12
DA:53,11
DA:54,11
DA:57,10
DA:58,1
DA:61,10
DA:63,1
DA:64,1
DA:71,24
DA:76,12
DA:77,12
DA:79,11
DA:80,11
DA:84,11
DA:86,10
DA:87,1
DA:88,1
DA:92,10
DA:95,9
DA:96,9
DA:98,9
DA:100,1
DA:101,1
DA:108,24
DA:118,4
DA:120,4
DA:126,4
DA:128,4
DA:130,4
DA:135,1
DA:143,24
DA:151,4
DA:157,4
DA:163,4
DA:165,4
DA:171,4
DA:176,1
DA:183,24
LF:44
LH:44
BRDA:51,0,0,1
BRDA:51,0,1,11
BRDA:57,1,0,1
BRDA:57,1,1,9
BRDA:77,2,0,1
BRDA:77,2,1,11
BRDA:86,3,0,1
BRDA:86,3,1,9
BRDA:118,4,0,1
BRDA:118,4,1,3
BRDA:118,5,0,1
BRDA:118,5,1,2
BRDA:120,6,0,1
BRDA:120,6,1,3
BRDA:122,7,0,1
BRDA:122,7,1,2
BRDA:126,8,0,1
BRDA:126,8,1,3
BRDA:126,9,0,1
BRDA:126,9,1,2
BRDA:128,10,0,1
BRDA:128,10,1,3
BRDA:128,11,0,1
BRDA:128,11,1,2
BRDA:151,12,0,1
BRDA:151,12,1,3
BRDA:153,13,0,1
BRDA:153,13,1,2
BRDA:157,14,0,1
BRDA:157,14,1,3
BRDA:159,15,0,1
BRDA:159,15,1,2
BRDA:163,16,0,1
BRDA:163,16,1,3
BRDA:163,17,0,1
BRDA:163,17,1,2
BRDA:165,18,0,1
BRDA:165,18,1,3
BRDA:167,19,0,1
BRDA:167,19,1,2
BRF:40
BRH:40
end_of_record
TN:
SF:store\authStore.ts
FN:20,(anonymous_0)
FN:114,(anonymous_1)
FN:122,(anonymous_2)
FN:124,(anonymous_3)
FN:125,(anonymous_4)
FN:143,(anonymous_5)
FN:166,(anonymous_6)
FN:203,(anonymous_7)
FN:213,(anonymous_8)
FN:225,(anonymous_9)
FN:237,(anonymous_10)
FNF:11
FNH:9
FNDA:7,(anonymous_0)
FNDA:1,(anonymous_1)
FNDA:1,(anonymous_2)
FNDA:0,(anonymous_3)
FNDA:0,(anonymous_4)
FNDA:8,(anonymous_5)
FNDA:5,(anonymous_6)
FNDA:1,(anonymous_7)
FNDA:1,(anonymous_8)
FNDA:1,(anonymous_9)
FNDA:1,(anonymous_10)
DA:18,1
DA:20,1
DA:21,7
DA:79,7
DA:80,7
DA:81,0
DA:82,0
DA:83,0
DA:85,7
DA:86,6
DA:87,4
DA:114,1
DA:122,1
DA:125,0
DA:126,0
DA:128,0
DA:129,0
DA:130,0
DA:131,0
DA:132,0
DA:134,0
DA:137,0
DA:140,0
DA:144,8
DA:145,8
DA:146,8
DA:147,3
DA:148,1
DA:149,1
DA:150,1
DA:153,2
DA:154,2
DA:155,2
DA:156,2
DA:158,6
DA:161,6
DA:162,6
DA:167,5
DA:168,5
DA:169,5
DA:171,3
DA:172,3
DA:173,3
DA:174,3
DA:175,3
DA:176,3
DA:178,3
DA:179,3
DA:192,3
DA:193,3
DA:194,3
DA:195,3
DA:197,2
DA:198,2
DA:199,2
DA:204,1
DA:205,1
DA:206,1
DA:207,1
DA:209,0
DA:214,1
DA:215,1
DA:216,1
DA:217,0
DA:218,0
DA:220,1
DA:221,1
DA:226,1
DA:227,1
DA:228,0
DA:229,0
DA:230,0
DA:233,1
DA:237,1
LF:74
LH:55
BRDA:80,0,0,0
BRDA:80,0,1,7
BRDA:81,1,0,0
BRDA:81,1,1,0
BRDA:82,2,0,0
BRDA:82,2,1,0
BRDA:85,3,0,1
BRDA:85,3,1,6
BRDA:86,4,0,2
BRDA:86,4,1,4
BRDA:126,5,0,0
BRDA:126,5,1,0
BRDA:131,6,0,0
BRDA:131,6,1,0
BRDA:131,7,0,0
BRDA:131,7,1,0
BRDA:143,8,0,3
BRDA:147,9,0,1
BRDA:147,9,1,2
BRDA:155,10,0,1
BRDA:155,10,1,1
BRDA:155,11,0,1
BRDA:155,11,1,0
BRDA:158,12,0,1
BRDA:158,12,1,5
BRDA:166,13,0,3
BRDA:175,14,0,1
BRDA:175,14,1,2
BRDA:175,15,0,3
BRDA:175,15,1,2
BRDA:175,15,2,0
BRDA:188,16,0,1
BRDA:188,16,1,2
BRDA:217,17,0,0
BRDA:217,17,1,0
BRDA:228,18,0,0
BRDA:228,18,1,0
BRF:37
BRH:20
end_of_record
TN:
SF:store\usageStore.ts
FN:11,(anonymous_0)
FN:25,(anonymous_1)
FN:29,(anonymous_2)
FN:72,(anonymous_3)
FN:78,(anonymous_4)
FN:84,(anonymous_5)
FN:111,(anonymous_6)
FN:138,(anonymous_7)
FN:150,(anonymous_8)
FN:165,(anonymous_9)
FNF:10
FNH:8
FNDA:5,(anonymous_0)
FNDA:1,(anonymous_1)
FNDA:0,(anonymous_2)
FNDA:5,(anonymous_3)
FNDA:5,(anonymous_4)
FNDA:4,(anonymous_5)
FNDA:4,(anonymous_6)
FNDA:1,(anonymous_7)
FNDA:0,(anonymous_8)
FNDA:1,(anonymous_9)
DA:11,5
DA:25,1
DA:30,0
DA:31,0
DA:32,0
DA:33,0
DA:34,0
DA:36,0
DA:37,0
DA:38,0
DA:39,0
DA:40,0
DA:42,0
DA:43,0
DA:45,0
DA:46,0
DA:48,0
DA:49,0
DA:50,0
DA:54,0
DA:62,0
DA:63,0
DA:66,0
DA:68,0
DA:73,5
DA:74,5
DA:75,4
DA:79,5
DA:80,5
DA:81,4
DA:85,4
DA:86,4
DA:87,4
DA:88,4
DA:89,4
DA:91,4
DA:92,4
DA:93,4
DA:95,3
DA:97,1
DA:98,1
DA:99,1
DA:104,1
DA:108,1
DA:112,4
DA:113,4
DA:114,4
DA:115,4
DA:116,4
DA:118,4
DA:119,4
DA:120,4
DA:122,3
DA:124,2
DA:125,2
DA:126,2
DA:131,2
DA:135,2
DA:139,1
DA:140,1
DA:141,1
DA:142,1
DA:143,1
DA:145,1
DA:146,1
DA:147,1
DA:149,1
DA:150,1
DA:151,0
DA:161,1
DA:162,1
DA:166,1
DA:167,1
DA:168,1
DA:169,1
DA:170,1
DA:172,1
DA:173,1
DA:174,1
DA:179,1
DA:180,1
LF:81
LH:58
BRDA:34,0,0,0
BRDA:34,0,1,0
BRDA:42,1,0,0
BRDA:42,1,1,0
BRDA:45,2,0,0
BRDA:45,2,1,0
BRDA:50,3,0,0
BRDA:50,3,1,0
BRDA:51,4,0,0
BRDA:51,4,1,0
BRDA:74,5,0,1
BRDA:74,5,1,4
BRDA:80,6,0,1
BRDA:80,6,1,4
BRDA:89,7,0,0
BRDA:89,7,1,4
BRDA:93,8,0,1
BRDA:93,8,1,3
BRDA:95,9,0,2
BRDA:95,9,1,1
BRDA:116,10,0,0
BRDA:116,10,1,4
BRDA:120,11,0,1
BRDA:120,11,1,3
BRDA:122,12,0,1
BRDA:122,12,1,2
BRDA:143,13,0,0
BRDA:143,13,1,1
BRDA:162,14,0,1
BRDA:162,14,1,0
BRDA:170,15,0,0
BRDA:170,15,1,1
BRDA:180,16,0,1
BRDA:180,16,1,0
BRF:34
BRH:18
end_of_record
TN:
SF:types\usage.ts
FNF:0
FNH:0
DA:13,3
DA:18,3
LF:2
LH:2
BRF:0
BRH:0
end_of_record
